This is pdfTeX, Version 3.14159265-2.6-1.40.18 (TeX Live 2017) (preloaded format=pdflatex 2017.5.23)  12 DEC 2017 15:51
entering extended mode
 restricted \write18 enabled.
 file:line:error style messages enabled.
 %&-line parsing enabled.
**Plantilla_TrabajoEscrito.tex
(./Plantilla_TrabajoEscrito.tex
LaTeX2e <2017-04-15>
Babel <3.10> and hyphenation patterns for 84 language(s) loaded.
(/usr/local/texlive/2017/texmf-dist/tex/latex/base/article.cls
Document Class: article 2014/09/29 v1.4h Standard LaTeX document class
(/usr/local/texlive/2017/texmf-dist/tex/latex/base/size12.clo
File: size12.clo 2014/09/29 v1.4h Standard LaTeX file (size option)
)
\c@part=\count79
\c@section=\count80
\c@subsection=\count81
\c@subsubsection=\count82
\c@paragraph=\count83
\c@subparagraph=\count84
\c@figure=\count85
\c@table=\count86
\abovecaptionskip=\skip41
\belowcaptionskip=\skip42
\bibindent=\dimen102
)
(/usr/local/texlive/2017/texmf-dist/tex/latex/tools/verbatim.sty
Package: verbatim 2014/10/28 v1.5q LaTeX2e package for verbatim enhancements
\every@verbatim=\toks14
\verbatim@line=\toks15
\verbatim@in@stream=\read1
)
(/usr/local/texlive/2017/texmf-dist/tex/latex/jknapltx/mathrsfs.sty
Package: mathrsfs 1996/01/01 Math RSFS package v1.0 (jk)
\symrsfs=\mathgroup4
)
(/usr/local/texlive/2017/texmf-dist/tex/latex/amsmath/amsmath.sty
Package: amsmath 2016/11/05 v2.16a AMS math features
\@mathmargin=\skip43

For additional information on amsmath, use the `?' option.
(/usr/local/texlive/2017/texmf-dist/tex/latex/amsmath/amstext.sty
Package: amstext 2000/06/29 v2.01 AMS text

(/usr/local/texlive/2017/texmf-dist/tex/latex/amsmath/amsgen.sty
File: amsgen.sty 1999/11/30 v2.0 generic functions
\@emptytoks=\toks16
\ex@=\dimen103
))
(/usr/local/texlive/2017/texmf-dist/tex/latex/amsmath/amsbsy.sty
Package: amsbsy 1999/11/29 v1.2d Bold Symbols
\pmbraise@=\dimen104
)
(/usr/local/texlive/2017/texmf-dist/tex/latex/amsmath/amsopn.sty
Package: amsopn 2016/03/08 v2.02 operator names
)
\inf@bad=\count87
LaTeX Info: Redefining \frac on input line 213.
\uproot@=\count88
\leftroot@=\count89
LaTeX Info: Redefining \overline on input line 375.
\classnum@=\count90
\DOTSCASE@=\count91
LaTeX Info: Redefining \ldots on input line 472.
LaTeX Info: Redefining \dots on input line 475.
LaTeX Info: Redefining \cdots on input line 596.
\Mathstrutbox@=\box26
\strutbox@=\box27
\big@size=\dimen105
LaTeX Font Info:    Redeclaring font encoding OML on input line 712.
LaTeX Font Info:    Redeclaring font encoding OMS on input line 713.
\macc@depth=\count92
\c@MaxMatrixCols=\count93
\dotsspace@=\muskip10
\c@parentequation=\count94
\dspbrk@lvl=\count95
\tag@help=\toks17
\row@=\count96
\column@=\count97
\maxfields@=\count98
\andhelp@=\toks18
\eqnshift@=\dimen106
\alignsep@=\dimen107
\tagshift@=\dimen108
\tagwidth@=\dimen109
\totwidth@=\dimen110
\lineht@=\dimen111
\@envbody=\toks19
\multlinegap=\skip44
\multlinetaggap=\skip45
\mathdisplay@stack=\toks20
LaTeX Info: Redefining \[ on input line 2817.
LaTeX Info: Redefining \] on input line 2818.
)
(/usr/local/texlive/2017/texmf-dist/tex/latex/amsfonts/amssymb.sty
Package: amssymb 2013/01/14 v3.01 AMS font symbols

(/usr/local/texlive/2017/texmf-dist/tex/latex/amsfonts/amsfonts.sty
Package: amsfonts 2013/01/14 v3.01 Basic AMSFonts support
\symAMSa=\mathgroup5
\symAMSb=\mathgroup6
LaTeX Font Info:    Overwriting math alphabet `\mathfrak' in version `bold'
(Font)                  U/euf/m/n --> U/euf/b/n on input line 106.
))
(/usr/local/texlive/2017/texmf-dist/tex/latex/subfigure/subfigure.sty
Package: subfigure 2002/03/15 v2.1.5 subfigure package
\subfigtopskip=\skip46
\subfigcapskip=\skip47
\subfigcaptopadj=\dimen112
\subfigbottomskip=\skip48
\subfigcapmargin=\dimen113
\subfiglabelskip=\skip49
\c@subfigure=\count99
\c@lofdepth=\count100
\c@subtable=\count101
\c@lotdepth=\count102

****************************************
* Local config file subfigure.cfg used *
****************************************
(/usr/local/texlive/2017/texmf-dist/tex/latex/subfigure/subfigure.cfg)
\subfig@top=\skip50
\subfig@bottom=\skip51
)
(/usr/local/texlive/2017/texmf-dist/tex/latex/ucs/ucs.sty
Package: ucs 2013/05/11 v2.2 UCS: Unicode input support

(/usr/local/texlive/2017/texmf-dist/tex/latex/ucs/data/uni-global.def
File: uni-global.def 2013/05/13 UCS: Unicode global data
)
\uc@secondtry=\count103
\uc@combtoks=\toks21
\uc@combtoksb=\toks22
\uc@temptokena=\toks23
)
(/usr/local/texlive/2017/texmf-dist/tex/latex/base/inputenc.sty
Package: inputenc 2015/03/17 v1.2c Input encoding file
\inpenc@prehook=\toks24
\inpenc@posthook=\toks25

(/usr/local/texlive/2017/texmf-dist/tex/latex/base/latin1.def
File: latin1.def 2015/03/17 v1.2c Input encoding file
))
(/usr/local/texlive/2017/texmf-dist/tex/generic/babel/babel.sty
Package: babel 2017/05/19 3.10 The Babel package

(/usr/local/texlive/2017/texmf-dist/tex/generic/babel-spanish/spanish.ldf
Language: spanish.ldf 2016/03/03 v5.0p Spanish support from the babel system

(/usr/local/texlive/2017/texmf-dist/tex/generic/babel/babel.def
File: babel.def 2017/05/19 3.10 Babel common definitions
\babel@savecnt=\count104
\U@D=\dimen114
)
\es@quottoks=\toks26
\es@quotdepth=\count105
Package babel Info: Making " an active character on input line 561.
Package babel Info: Making . an active character on input line 662.
Package babel Info: Making < an active character on input line 707.
Package babel Info: Making > an active character on input line 707.
))
(/usr/local/texlive/2017/texmf-dist/tex/latex/base/fontenc.sty
Package: fontenc 2017/04/05 v2.0i Standard LaTeX package
)
(/usr/local/texlive/2017/texmf-dist/tex/latex/graphics/graphicx.sty
Package: graphicx 2014/10/28 v1.0g Enhanced LaTeX Graphics (DPC,SPQR)

(/usr/local/texlive/2017/texmf-dist/tex/latex/graphics/keyval.sty
Package: keyval 2014/10/28 v1.15 key=value parser (DPC)
\KV@toks@=\toks27
)
(/usr/local/texlive/2017/texmf-dist/tex/latex/graphics/graphics.sty
Package: graphics 2017/04/14 v1.1b Standard LaTeX Graphics (DPC,SPQR)

(/usr/local/texlive/2017/texmf-dist/tex/latex/graphics/trig.sty
Package: trig 2016/01/03 v1.10 sin cos tan (DPC)
)
(/usr/local/texlive/2017/texmf-dist/tex/latex/graphics-cfg/graphics.cfg
File: graphics.cfg 2016/06/04 v1.11 sample graphics configuration
)
Package graphics Info: Driver file: pdftex.def on input line 99.

(/usr/local/texlive/2017/texmf-dist/tex/latex/graphics-def/pdftex.def
File: pdftex.def 2017/01/12 v0.06k Graphics/color for pdfTeX

(/usr/local/texlive/2017/texmf-dist/tex/generic/oberdiek/infwarerr.sty
Package: infwarerr 2016/05/16 v1.4 Providing info/warning/error messages (HO)
)
(/usr/local/texlive/2017/texmf-dist/tex/generic/oberdiek/ltxcmds.sty
Package: ltxcmds 2016/05/16 v1.23 LaTeX kernel commands for general use (HO)
)
\Gread@gobject=\count106
))
\Gin@req@height=\dimen115
\Gin@req@width=\dimen116
)
(/usr/local/texlive/2017/texmf-dist/tex/latex/anysize/anysize.sty
Package: anysize 1994/08/13 setting margin sizes

document style option `anysize' loaded
Michael Salzenberg, Thomas Esser, Dirk Hillbrecht
Version 1.0, Aug 13, 1994
\@Leftmargin=\dimen117
\@Rightmargin=\dimen118
\@Topmargin=\dimen119
\@Bottommargin=\dimen120
) (/usr/local/texlive/2017/texmf-dist/tex/latex/fancyhdr/fancyhdr.sty
Package: fancyhdr 2016/09/06 3.8 Extensive control of page headers and footers
\fancy@headwidth=\skip52
\f@ncyO@elh=\skip53
\f@ncyO@erh=\skip54
\f@ncyO@olh=\skip55
\f@ncyO@orh=\skip56
\f@ncyO@elf=\skip57
\f@ncyO@erf=\skip58
\f@ncyO@olf=\skip59
\f@ncyO@orf=\skip60
)
(/usr/local/texlive/2017/texmf-dist/tex/latex/natbib/natbib.sty
Package: natbib 2010/09/13 8.31b (PWD, AO)
\bibhang=\skip61
\bibsep=\skip62
LaTeX Info: Redefining \cite on input line 694.
\c@NAT@ctr=\count107
)
(/usr/local/texlive/2017/texmf-dist/tex/latex/url/url.sty
\Urlmuskip=\muskip11
Package: url 2013/09/16  ver 3.4  Verb mode for urls, etc.
)
(/usr/local/texlive/2017/texmf-dist/tex/latex/hyperref/hyperref.sty
Package: hyperref 2017/03/14 v6.85a Hypertext links for LaTeX

(/usr/local/texlive/2017/texmf-dist/tex/generic/oberdiek/hobsub-hyperref.sty
Package: hobsub-hyperref 2016/05/16 v1.14 Bundle oberdiek, subset hyperref (HO)


(/usr/local/texlive/2017/texmf-dist/tex/generic/oberdiek/hobsub-generic.sty
Package: hobsub-generic 2016/05/16 v1.14 Bundle oberdiek, subset generic (HO)
Package: hobsub 2016/05/16 v1.14 Construct package bundles (HO)
Package hobsub Info: Skipping package `infwarerr' (already loaded).
Package hobsub Info: Skipping package `ltxcmds' (already loaded).
Package: ifluatex 2016/05/16 v1.4 Provides the ifluatex switch (HO)
Package ifluatex Info: LuaTeX not detected.
Package: ifvtex 2016/05/16 v1.6 Detect VTeX and its facilities (HO)
Package ifvtex Info: VTeX not detected.
Package: intcalc 2016/05/16 v1.2 Expandable calculations with integers (HO)
Package: ifpdf 2017/03/15 v3.2 Provides the ifpdf switch
Package: etexcmds 2016/05/16 v1.6 Avoid name clashes with e-TeX commands (HO)
Package etexcmds Info: Could not find \expanded.
(etexcmds)             That can mean that you are not using pdfTeX 1.50 or
(etexcmds)             that some package has redefined \expanded.
(etexcmds)             In the latter case, load this package earlier.
Package: kvsetkeys 2016/05/16 v1.17 Key value parser (HO)
Package: kvdefinekeys 2016/05/16 v1.4 Define keys (HO)
Package: pdftexcmds 2017/03/19 v0.25 Utility functions of pdfTeX for LuaTeX (HO
)
Package pdftexcmds Info: LuaTeX not detected.
Package pdftexcmds Info: \pdf@primitive is available.
Package pdftexcmds Info: \pdf@ifprimitive is available.
Package pdftexcmds Info: \pdfdraftmode found.
Package: pdfescape 2016/05/16 v1.14 Implements pdfTeX's escape features (HO)
Package: bigintcalc 2016/05/16 v1.4 Expandable calculations on big integers (HO
)
Package: bitset 2016/05/16 v1.2 Handle bit-vector datatype (HO)
Package: uniquecounter 2016/05/16 v1.3 Provide unlimited unique counter (HO)
)
Package hobsub Info: Skipping package `hobsub' (already loaded).
Package: letltxmacro 2016/05/16 v1.5 Let assignment for LaTeX macros (HO)
Package: hopatch 2016/05/16 v1.3 Wrapper for package hooks (HO)
Package: xcolor-patch 2016/05/16 xcolor patch
Package: atveryend 2016/05/16 v1.9 Hooks at the very end of document (HO)
Package atveryend Info: \enddocument detected (standard20110627).
Package: atbegshi 2016/06/09 v1.18 At begin shipout hook (HO)
Package: refcount 2016/05/16 v3.5 Data extraction from label references (HO)
Package: hycolor 2016/05/16 v1.8 Color options for hyperref/bookmark (HO)
)
(/usr/local/texlive/2017/texmf-dist/tex/generic/ifxetex/ifxetex.sty
Package: ifxetex 2010/09/12 v0.6 Provides ifxetex conditional
)
(/usr/local/texlive/2017/texmf-dist/tex/latex/oberdiek/auxhook.sty
Package: auxhook 2016/05/16 v1.4 Hooks for auxiliary files (HO)
)
(/usr/local/texlive/2017/texmf-dist/tex/latex/oberdiek/kvoptions.sty
Package: kvoptions 2016/05/16 v3.12 Key value format for package options (HO)
)
\@linkdim=\dimen121
\Hy@linkcounter=\count108
\Hy@pagecounter=\count109

(/usr/local/texlive/2017/texmf-dist/tex/latex/hyperref/pd1enc.def
File: pd1enc.def 2017/03/14 v6.85a Hyperref: PDFDocEncoding definition (HO)
)
\Hy@SavedSpaceFactor=\count110

(/usr/local/texlive/2017/texmf-dist/tex/latex/latexconfig/hyperref.cfg
File: hyperref.cfg 2002/06/06 v1.2 hyperref configuration of TeXLive
)
Package hyperref Info: Hyper figures OFF on input line 4498.
Package hyperref Info: Link nesting OFF on input line 4503.
Package hyperref Info: Hyper index ON on input line 4506.
Package hyperref Info: Plain pages OFF on input line 4513.
Package hyperref Info: Backreferencing OFF on input line 4518.
Package hyperref Info: Implicit mode ON; LaTeX internals redefined.
Package hyperref Info: Bookmarks ON on input line 4751.
\c@Hy@tempcnt=\count111
LaTeX Info: Redefining \url on input line 5104.
\XeTeXLinkMargin=\dimen122
\Fld@menulength=\count112
\Field@Width=\dimen123
\Fld@charsize=\dimen124
Package hyperref Info: Hyper figures OFF on input line 6358.
Package hyperref Info: Link nesting OFF on input line 6363.
Package hyperref Info: Hyper index ON on input line 6366.
Package hyperref Info: backreferencing OFF on input line 6373.
Package hyperref Info: Link coloring OFF on input line 6378.
Package hyperref Info: Link coloring with OCG OFF on input line 6383.
Package hyperref Info: PDF/A mode OFF on input line 6388.
LaTeX Info: Redefining \ref on input line 6428.
LaTeX Info: Redefining \pageref on input line 6432.
\Hy@abspage=\count113
\c@Item=\count114
\c@Hfootnote=\count115
)

Package hyperref Message: Driver (autodetected): hpdftex.

(/usr/local/texlive/2017/texmf-dist/tex/latex/hyperref/hpdftex.def
File: hpdftex.def 2017/03/14 v6.85a Hyperref driver for pdfTeX
\Fld@listcount=\count116
\c@bookmark@seq@number=\count117

(/usr/local/texlive/2017/texmf-dist/tex/latex/oberdiek/rerunfilecheck.sty
Package: rerunfilecheck 2016/05/16 v1.8 Rerun checks for auxiliary files (HO)
Package uniquecounter Info: New unique counter `rerunfilecheck' on input line 2
82.
)
\Hy@SectionHShift=\skip63
)
(./Plantilla_TrabajoEscrito.aux
LaTeX Info: Redefining \. on input line 23.
LaTeX Info: Redefining \% on input line 23.


LaTeX Warning: Label `fig:Densidad' multiply defined.


LaTeX Warning: Label `fig:Densidad' multiply defined.


LaTeX Warning: Label `fig:Densidad' multiply defined.


LaTeX Warning: Label `fig:Densidad' multiply defined.


LaTeX Warning: Label `fig:Densidad' multiply defined.


LaTeX Warning: Label `fig:Densidad' multiply defined.


LaTeX Warning: Label `fig:Densidad' multiply defined.


LaTeX Warning: Label `fig:Densidad' multiply defined.

)
\openout1 = `Plantilla_TrabajoEscrito.aux'.

LaTeX Font Info:    Checking defaults for OML/cmm/m/it on input line 58.
LaTeX Font Info:    ... okay on input line 58.
LaTeX Font Info:    Checking defaults for T1/cmr/m/n on input line 58.
LaTeX Font Info:    ... okay on input line 58.
LaTeX Font Info:    Checking defaults for OT1/cmr/m/n on input line 58.
LaTeX Font Info:    ... okay on input line 58.
LaTeX Font Info:    Checking defaults for OMS/cmsy/m/n on input line 58.
LaTeX Font Info:    ... okay on input line 58.
LaTeX Font Info:    Checking defaults for OMX/cmex/m/n on input line 58.
LaTeX Font Info:    ... okay on input line 58.
LaTeX Font Info:    Checking defaults for U/cmr/m/n on input line 58.
LaTeX Font Info:    ... okay on input line 58.
LaTeX Font Info:    Checking defaults for PD1/pdf/m/n on input line 58.
LaTeX Font Info:    ... okay on input line 58.
 (/usr/local/texlive/2017/texmf-dist/tex/latex/ucs/ucsencs.def
File: ucsencs.def 2011/01/21 Fixes to fontencodings LGR, T3
)
LaTeX Info: Redefining \. on input line 58.
LaTeX Info: Redefining \% on input line 58.

(/usr/local/texlive/2017/texmf-dist/tex/context/base/mkii/supp-pdf.mkii
[Loading MPS to PDF converter (version 2006.09.02).]
\scratchcounter=\count118
\scratchdimen=\dimen125
\scratchbox=\box28
\nofMPsegments=\count119
\nofMParguments=\count120
\everyMPshowfont=\toks28
\MPscratchCnt=\count121
\MPscratchDim=\dimen126
\MPnumerator=\count122
\makeMPintoPDFobject=\count123
\everyMPtoPDFconversion=\toks29
) (/usr/local/texlive/2017/texmf-dist/tex/latex/oberdiek/epstopdf-base.sty
Package: epstopdf-base 2016/05/15 v2.6 Base part for package epstopdf

(/usr/local/texlive/2017/texmf-dist/tex/latex/oberdiek/grfext.sty
Package: grfext 2016/05/16 v1.2 Manage graphics extensions (HO)
)
Package epstopdf-base Info: Redefining graphics rule for `.eps' on input line 4
38.
Package grfext Info: Graphics extension search list:
(grfext)             [.png,.pdf,.jpg,.mps,.jpeg,.jbig2,.jb2,.PNG,.PDF,.JPG,.JPE
G,.JBIG2,.JB2,.eps]
(grfext)             \AppendGraphicsExtensions on input line 456.

(/usr/local/texlive/2017/texmf-dist/tex/latex/latexconfig/epstopdf-sys.cfg
File: epstopdf-sys.cfg 2010/07/13 v1.3 Configuration of (r)epstopdf for TeX Liv
e
))
\AtBeginShipoutBox=\box29
Package hyperref Info: Link coloring OFF on input line 58.

(/usr/local/texlive/2017/texmf-dist/tex/latex/hyperref/nameref.sty
Package: nameref 2016/05/21 v2.44 Cross-referencing by name of section

(/usr/local/texlive/2017/texmf-dist/tex/generic/oberdiek/gettitlestring.sty
Package: gettitlestring 2016/05/16 v1.5 Cleanup title references (HO)
)
\c@section@level=\count124
)
LaTeX Info: Redefining \ref on input line 58.
LaTeX Info: Redefining \pageref on input line 58.
LaTeX Info: Redefining \nameref on input line 58.

(./Plantilla_TrabajoEscrito.out) (./Plantilla_TrabajoEscrito.out)
\@outlinefile=\write3
\openout3 = `Plantilla_TrabajoEscrito.out'.

LaTeX Font Info:    Try loading font information for U+rsfs on input line 64.

(/usr/local/texlive/2017/texmf-dist/tex/latex/jknapltx/ursfs.fd
File: ursfs.fd 1998/03/24 rsfs font definition file (jk)
)
LaTeX Font Info:    Try loading font information for U+msa on input line 64.

(/usr/local/texlive/2017/texmf-dist/tex/latex/amsfonts/umsa.fd
File: umsa.fd 2013/01/14 v3.01 AMS symbols A
)
LaTeX Font Info:    Try loading font information for U+msb on input line 64.

(/usr/local/texlive/2017/texmf-dist/tex/latex/amsfonts/umsb.fd
File: umsb.fd 2013/01/14 v3.01 AMS symbols B
)
Package babel Info: Redefining spanish shorthand <<
(babel)             in language  on input line 64.
Package babel Info: Redefining spanish shorthand >>
(babel)             in language  on input line 64.
Package babel Info: Redefining spanish shorthand "=
(babel)             in language  on input line 64.
Package babel Info: Redefining spanish shorthand "~
(babel)             in language  on input line 64.
Package babel Info: Redefining spanish shorthand "!
(babel)             in language  on input line 64.
Package babel Info: Redefining spanish shorthand "?
(babel)             in language  on input line 64.
Package babel Info: Redefining spanish shorthand <<
(babel)             in language  on input line 64.
Package babel Info: Redefining spanish shorthand >>
(babel)             in language  on input line 64.
Package babel Info: Redefining spanish shorthand "=
(babel)             in language  on input line 64.
Package babel Info: Redefining spanish shorthand "~
(babel)             in language  on input line 64.
Package babel Info: Redefining spanish shorthand "!
(babel)             in language  on input line 64.
Package babel Info: Redefining spanish shorthand "?
(babel)             in language  on input line 64.
 [1

{/usr/local/texlive/2017/texmf-var/fonts/map/pdftex/updmap/pdftex.map}]
(./Plantilla_TrabajoEscrito.toc
LaTeX Info: Redefining \. on input line 1.
LaTeX Info: Redefining \% on input line 1.
)
\tf@toc=\write4
\openout4 = `Plantilla_TrabajoEscrito.toc'.

 (./Plantilla_TrabajoEscrito.lof
LaTeX Info: Redefining \. on input line 1.
LaTeX Info: Redefining \% on input line 1.
)
\tf@lof=\write5
\openout5 = `Plantilla_TrabajoEscrito.lof'.


(./Plantilla_TrabajoEscrito.lot
LaTeX Info: Redefining \. on input line 1.
LaTeX Info: Redefining \% on input line 1.
)
\tf@lot=\write6
\openout6 = `Plantilla_TrabajoEscrito.lot'.

Package babel Info: Redefining spanish shorthand <<
(babel)             in language  on input line 73.
Package babel Info: Redefining spanish shorthand >>
(babel)             in language  on input line 73.
Package babel Info: Redefining spanish shorthand "=
(babel)             in language  on input line 73.
Package babel Info: Redefining spanish shorthand "~
(babel)             in language  on input line 73.
Package babel Info: Redefining spanish shorthand "!
(babel)             in language  on input line 73.
Package babel Info: Redefining spanish shorthand "?
(babel)             in language  on input line 73.
Package babel Info: Redefining spanish shorthand <<
(babel)             in language  on input line 73.
Package babel Info: Redefining spanish shorthand >>
(babel)             in language  on input line 73.
Package babel Info: Redefining spanish shorthand "=
(babel)             in language  on input line 73.
Package babel Info: Redefining spanish shorthand "~
(babel)             in language  on input line 73.
Package babel Info: Redefining spanish shorthand "!
(babel)             in language  on input line 73.
Package babel Info: Redefining spanish shorthand "?
(babel)             in language  on input line 73.
 [2]
Package babel Info: Redefining spanish shorthand <<
(babel)             in language  on input line 86.
Package babel Info: Redefining spanish shorthand >>
(babel)             in language  on input line 86.
Package babel Info: Redefining spanish shorthand "=
(babel)             in language  on input line 86.
Package babel Info: Redefining spanish shorthand "~
(babel)             in language  on input line 86.
Package babel Info: Redefining spanish shorthand "!
(babel)             in language  on input line 86.
Package babel Info: Redefining spanish shorthand "?
(babel)             in language  on input line 86.
Package babel Info: Redefining spanish shorthand <<
(babel)             in language  on input line 87.
Package babel Info: Redefining spanish shorthand >>
(babel)             in language  on input line 87.
Package babel Info: Redefining spanish shorthand "=
(babel)             in language  on input line 87.
Package babel Info: Redefining spanish shorthand "~
(babel)             in language  on input line 87.
Package babel Info: Redefining spanish shorthand "!
(babel)             in language  on input line 87.
Package babel Info: Redefining spanish shorthand "?
(babel)             in language  on input line 87.

Overfull \hbox (24.86781pt too wide) in paragraph at lines 88--90
\OT1/cmr/m/n/12 Dado que los sa-la-rios se en-cuen-tran dis-tri-bui-dos nor-mal
-men-te con me-dia $\OML/cmm/m/it/12 ^^V$ \OT1/cmr/m/n/12 y va-rian-za $[]$ $\O
ML/cmm/m/it/12 Salarios []N\OT1/cmr/m/n/12 (\OML/cmm/m/it/12 ^^V \OT1/cmr/m/n/1
2 =
 []

<Figuras/punto1.png, id=152, 887.315pt x 576.1525pt>
File: Figuras/punto1.png Graphic file (type png)
 <use Figuras/punto1.png>
Package pdftex.def Info: Figuras/punto1.png used on input line 115.
(pdftex.def)             Requested size: 284.52756pt x 184.74179pt.


LaTeX Warning: `!h' float specifier changed to `!ht'.


Package Fancyhdr Warning: \headheight is too small (13.1pt): 
 Make it at least 14.49998pt.
 We now make it that large for the rest of the document.
 This may cause the page layout to be inconsistent, however.

Package babel Info: Redefining spanish shorthand <<
(babel)             in language  on input line 122.
Package babel Info: Redefining spanish shorthand >>
(babel)             in language  on input line 122.
Package babel Info: Redefining spanish shorthand "=
(babel)             in language  on input line 122.
Package babel Info: Redefining spanish shorthand "~
(babel)             in language  on input line 122.
Package babel Info: Redefining spanish shorthand "!
(babel)             in language  on input line 122.
Package babel Info: Redefining spanish shorthand "?
(babel)             in language  on input line 122.
Package babel Info: Redefining spanish shorthand <<
(babel)             in language  on input line 122.
Package babel Info: Redefining spanish shorthand >>
(babel)             in language  on input line 122.
Package babel Info: Redefining spanish shorthand "=
(babel)             in language  on input line 122.
Package babel Info: Redefining spanish shorthand "~
(babel)             in language  on input line 122.
Package babel Info: Redefining spanish shorthand "!
(babel)             in language  on input line 122.
Package babel Info: Redefining spanish shorthand "?
(babel)             in language  on input line 122.
[3]
Package babel Info: Redefining spanish shorthand <<
(babel)             in language  on input line 125.
Package babel Info: Redefining spanish shorthand >>
(babel)             in language  on input line 125.
Package babel Info: Redefining spanish shorthand "=
(babel)             in language  on input line 125.
Package babel Info: Redefining spanish shorthand "~
(babel)             in language  on input line 125.
Package babel Info: Redefining spanish shorthand "!
(babel)             in language  on input line 125.
Package babel Info: Redefining spanish shorthand "?
(babel)             in language  on input line 125.
Package babel Info: Redefining spanish shorthand <<
(babel)             in language  on input line 125.
Package babel Info: Redefining spanish shorthand >>
(babel)             in language  on input line 125.
Package babel Info: Redefining spanish shorthand "=
(babel)             in language  on input line 125.
Package babel Info: Redefining spanish shorthand "~
(babel)             in language  on input line 125.
Package babel Info: Redefining spanish shorthand "!
(babel)             in language  on input line 125.
Package babel Info: Redefining spanish shorthand "?
(babel)             in language  on input line 125.
 [4 <./Figuras/punto1.png>]
Package babel Info: Redefining spanish shorthand <<
(babel)             in language  on input line 125.
Package babel Info: Redefining spanish shorthand >>
(babel)             in language  on input line 125.
Package babel Info: Redefining spanish shorthand "=
(babel)             in language  on input line 125.
Package babel Info: Redefining spanish shorthand "~
(babel)             in language  on input line 125.
Package babel Info: Redefining spanish shorthand "!
(babel)             in language  on input line 125.
Package babel Info: Redefining spanish shorthand "?
(babel)             in language  on input line 125.

<Figuras/punto2.png, id=165, 941.5175pt x 587.19376pt>
File: Figuras/punto2.png Graphic file (type png)

<use Figuras/punto2.png>
Package pdftex.def Info: Figuras/punto2.png used on input line 161.
(pdftex.def)             Requested size: 284.52756pt x 177.44969pt.
Package babel Info: Redefining spanish shorthand <<
(babel)             in language  on input line 168.
Package babel Info: Redefining spanish shorthand >>
(babel)             in language  on input line 168.
Package babel Info: Redefining spanish shorthand "=
(babel)             in language  on input line 168.
Package babel Info: Redefining spanish shorthand "~
(babel)             in language  on input line 168.
Package babel Info: Redefining spanish shorthand "!
(babel)             in language  on input line 168.
Package babel Info: Redefining spanish shorthand "?
(babel)             in language  on input line 168.
Package babel Info: Redefining spanish shorthand <<
(babel)             in language  on input line 168.
Package babel Info: Redefining spanish shorthand >>
(babel)             in language  on input line 168.
Package babel Info: Redefining spanish shorthand "=
(babel)             in language  on input line 168.
Package babel Info: Redefining spanish shorthand "~
(babel)             in language  on input line 168.
Package babel Info: Redefining spanish shorthand "!
(babel)             in language  on input line 168.
Package babel Info: Redefining spanish shorthand "?
(babel)             in language  on input line 168.
 [5 <./Figuras/punto2.png>]
Package babel Info: Redefining spanish shorthand <<
(babel)             in language  on input line 171.
Package babel Info: Redefining spanish shorthand >>
(babel)             in language  on input line 171.
Package babel Info: Redefining spanish shorthand "=
(babel)             in language  on input line 171.
Package babel Info: Redefining spanish shorthand "~
(babel)             in language  on input line 171.
Package babel Info: Redefining spanish shorthand "!
(babel)             in language  on input line 171.
Package babel Info: Redefining spanish shorthand "?
(babel)             in language  on input line 171.
Package babel Info: Redefining spanish shorthand <<
(babel)             in language  on input line 172.
Package babel Info: Redefining spanish shorthand >>
(babel)             in language  on input line 172.
Package babel Info: Redefining spanish shorthand "=
(babel)             in language  on input line 172.
Package babel Info: Redefining spanish shorthand "~
(babel)             in language  on input line 172.
Package babel Info: Redefining spanish shorthand "!
(babel)             in language  on input line 172.
Package babel Info: Redefining spanish shorthand "?
(babel)             in language  on input line 172.

<Figuras/punto3.png, id=173, 917.4275pt x 618.31pt>
File: Figuras/punto3.png Graphic file (type png)
 <use Figuras/punto3.png>
Package pdftex.def Info: Figuras/punto3.png used on input line 198.
(pdftex.def)             Requested size: 284.52756pt x 191.75902pt.


LaTeX Warning: `!h' float specifier changed to `!ht'.

Package babel Info: Redefining spanish shorthand <<
(babel)             in language  on input line 205.
Package babel Info: Redefining spanish shorthand >>
(babel)             in language  on input line 205.
Package babel Info: Redefining spanish shorthand "=
(babel)             in language  on input line 205.
Package babel Info: Redefining spanish shorthand "~
(babel)             in language  on input line 205.
Package babel Info: Redefining spanish shorthand "!
(babel)             in language  on input line 205.
Package babel Info: Redefining spanish shorthand "?
(babel)             in language  on input line 205.
Package babel Info: Redefining spanish shorthand <<
(babel)             in language  on input line 205.
Package babel Info: Redefining spanish shorthand >>
(babel)             in language  on input line 205.
Package babel Info: Redefining spanish shorthand "=
(babel)             in language  on input line 205.
Package babel Info: Redefining spanish shorthand "~
(babel)             in language  on input line 205.
Package babel Info: Redefining spanish shorthand "!
(babel)             in language  on input line 205.
Package babel Info: Redefining spanish shorthand "?
(babel)             in language  on input line 205.
[6]
Package babel Info: Redefining spanish shorthand <<
(babel)             in language  on input line 208.
Package babel Info: Redefining spanish shorthand >>
(babel)             in language  on input line 208.
Package babel Info: Redefining spanish shorthand "=
(babel)             in language  on input line 208.
Package babel Info: Redefining spanish shorthand "~
(babel)             in language  on input line 208.
Package babel Info: Redefining spanish shorthand "!
(babel)             in language  on input line 208.
Package babel Info: Redefining spanish shorthand "?
(babel)             in language  on input line 208.
Package babel Info: Redefining spanish shorthand <<
(babel)             in language  on input line 208.
Package babel Info: Redefining spanish shorthand >>
(babel)             in language  on input line 208.
Package babel Info: Redefining spanish shorthand "=
(babel)             in language  on input line 208.
Package babel Info: Redefining spanish shorthand "~
(babel)             in language  on input line 208.
Package babel Info: Redefining spanish shorthand "!
(babel)             in language  on input line 208.
Package babel Info: Redefining spanish shorthand "?
(babel)             in language  on input line 208.
 [7 <./Figuras/punto3.png>]
Package babel Info: Redefining spanish shorthand <<
(babel)             in language  on input line 208.
Package babel Info: Redefining spanish shorthand >>
(babel)             in language  on input line 208.
Package babel Info: Redefining spanish shorthand "=
(babel)             in language  on input line 208.
Package babel Info: Redefining spanish shorthand "~
(babel)             in language  on input line 208.
Package babel Info: Redefining spanish shorthand "!
(babel)             in language  on input line 208.
Package babel Info: Redefining spanish shorthand "?
(babel)             in language  on input line 208.

<Figuras/punto3b.png, id=184, 1004.75375pt x 664.4825pt>
File: Figuras/punto3b.png Graphic file (type png)

<use Figuras/punto3b.png>
Package pdftex.def Info: Figuras/punto3b.png used on input line 222.
(pdftex.def)             Requested size: 284.52756pt x 188.16277pt.
Package babel Info: Redefining spanish shorthand <<
(babel)             in language  on input line 232.
Package babel Info: Redefining spanish shorthand >>
(babel)             in language  on input line 232.
Package babel Info: Redefining spanish shorthand "=
(babel)             in language  on input line 232.
Package babel Info: Redefining spanish shorthand "~
(babel)             in language  on input line 232.
Package babel Info: Redefining spanish shorthand "!
(babel)             in language  on input line 232.
Package babel Info: Redefining spanish shorthand "?
(babel)             in language  on input line 232.
Package babel Info: Redefining spanish shorthand <<
(babel)             in language  on input line 267.
Package babel Info: Redefining spanish shorthand >>
(babel)             in language  on input line 267.
Package babel Info: Redefining spanish shorthand "=
(babel)             in language  on input line 267.
Package babel Info: Redefining spanish shorthand "~
(babel)             in language  on input line 267.
Package babel Info: Redefining spanish shorthand "!
(babel)             in language  on input line 267.
Package babel Info: Redefining spanish shorthand "?
(babel)             in language  on input line 267.
Package babel Info: Redefining spanish shorthand <<
(babel)             in language  on input line 267.
Package babel Info: Redefining spanish shorthand >>
(babel)             in language  on input line 267.
Package babel Info: Redefining spanish shorthand "=
(babel)             in language  on input line 267.
Package babel Info: Redefining spanish shorthand "~
(babel)             in language  on input line 267.
Package babel Info: Redefining spanish shorthand "!
(babel)             in language  on input line 267.
Package babel Info: Redefining spanish shorthand "?
(babel)             in language  on input line 267.
 [8 <./Figuras/punto3b.png>]
Package babel Info: Redefining spanish shorthand <<
(babel)             in language  on input line 269.
Package babel Info: Redefining spanish shorthand >>
(babel)             in language  on input line 269.
Package babel Info: Redefining spanish shorthand "=
(babel)             in language  on input line 269.
Package babel Info: Redefining spanish shorthand "~
(babel)             in language  on input line 269.
Package babel Info: Redefining spanish shorthand "!
(babel)             in language  on input line 269.
Package babel Info: Redefining spanish shorthand "?
(babel)             in language  on input line 269.

<Figuras/punto4.png, id=192, 986.68625pt x 680.5425pt>
File: Figuras/punto4.png Graphic file (type png)

<use Figuras/punto4.png>
Package pdftex.def Info: Figuras/punto4.png used on input line 291.
(pdftex.def)             Requested size: 284.52756pt x 196.24115pt.


LaTeX Warning: `!h' float specifier changed to `!ht'.

Package babel Info: Redefining spanish shorthand <<
(babel)             in language  on input line 298.
Package babel Info: Redefining spanish shorthand >>
(babel)             in language  on input line 298.
Package babel Info: Redefining spanish shorthand "=
(babel)             in language  on input line 298.
Package babel Info: Redefining spanish shorthand "~
(babel)             in language  on input line 298.
Package babel Info: Redefining spanish shorthand "!
(babel)             in language  on input line 298.
Package babel Info: Redefining spanish shorthand "?
(babel)             in language  on input line 298.
Package babel Info: Redefining spanish shorthand <<
(babel)             in language  on input line 298.
Package babel Info: Redefining spanish shorthand >>
(babel)             in language  on input line 298.
Package babel Info: Redefining spanish shorthand "=
(babel)             in language  on input line 298.
Package babel Info: Redefining spanish shorthand "~
(babel)             in language  on input line 298.
Package babel Info: Redefining spanish shorthand "!
(babel)             in language  on input line 298.
Package babel Info: Redefining spanish shorthand "?
(babel)             in language  on input line 298.
[9]
Package babel Info: Redefining spanish shorthand <<
(babel)             in language  on input line 301.
Package babel Info: Redefining spanish shorthand >>
(babel)             in language  on input line 301.
Package babel Info: Redefining spanish shorthand "=
(babel)             in language  on input line 301.
Package babel Info: Redefining spanish shorthand "~
(babel)             in language  on input line 301.
Package babel Info: Redefining spanish shorthand "!
(babel)             in language  on input line 301.
Package babel Info: Redefining spanish shorthand "?
(babel)             in language  on input line 301.
Package babel Info: Redefining spanish shorthand <<
(babel)             in language  on input line 313.
Package babel Info: Redefining spanish shorthand >>
(babel)             in language  on input line 313.
Package babel Info: Redefining spanish shorthand "=
(babel)             in language  on input line 313.
Package babel Info: Redefining spanish shorthand "~
(babel)             in language  on input line 313.
Package babel Info: Redefining spanish shorthand "!
(babel)             in language  on input line 313.
Package babel Info: Redefining spanish shorthand "?
(babel)             in language  on input line 313.
Package babel Info: Redefining spanish shorthand <<
(babel)             in language  on input line 313.
Package babel Info: Redefining spanish shorthand >>
(babel)             in language  on input line 313.
Package babel Info: Redefining spanish shorthand "=
(babel)             in language  on input line 313.
Package babel Info: Redefining spanish shorthand "~
(babel)             in language  on input line 313.
Package babel Info: Redefining spanish shorthand "!
(babel)             in language  on input line 313.
Package babel Info: Redefining spanish shorthand "?
(babel)             in language  on input line 313.
 [10 <./Figuras/punto4.png>]
<Figuras/punto7b.png, id=202, 1004.75375pt x 767.86874pt>
File: Figuras/punto7b.png Graphic file (type png)

<use Figuras/punto7b.png>
Package pdftex.def Info: Figuras/punto7b.png used on input line 327.
(pdftex.def)             Requested size: 284.52756pt x 217.43886pt.

<Figuras/punto7b2.png, id=203, 848.16875pt x 671.50874pt>
File: Figuras/punto7b2.png Graphic file (type png)

<use Figuras/punto7b2.png>
Package pdftex.def Info: Figuras/punto7b2.png used on input line 335.
(pdftex.def)             Requested size: 284.52756pt x 225.26677pt.


LaTeX Warning: `!h' float specifier changed to `!ht'.

Package babel Info: Redefining spanish shorthand <<
(babel)             in language  on input line 342.
Package babel Info: Redefining spanish shorthand >>
(babel)             in language  on input line 342.
Package babel Info: Redefining spanish shorthand "=
(babel)             in language  on input line 342.
Package babel Info: Redefining spanish shorthand "~
(babel)             in language  on input line 342.
Package babel Info: Redefining spanish shorthand "!
(babel)             in language  on input line 342.
Package babel Info: Redefining spanish shorthand "?
(babel)             in language  on input line 342.
Package babel Info: Redefining spanish shorthand <<
(babel)             in language  on input line 342.
Package babel Info: Redefining spanish shorthand >>
(babel)             in language  on input line 342.
Package babel Info: Redefining spanish shorthand "=
(babel)             in language  on input line 342.
Package babel Info: Redefining spanish shorthand "~
(babel)             in language  on input line 342.
Package babel Info: Redefining spanish shorthand "!
(babel)             in language  on input line 342.
Package babel Info: Redefining spanish shorthand "?
(babel)             in language  on input line 342.
[11 <./Figuras/punto7b.png>]
Package babel Info: Redefining spanish shorthand <<
(babel)             in language  on input line 345.
Package babel Info: Redefining spanish shorthand >>
(babel)             in language  on input line 345.
Package babel Info: Redefining spanish shorthand "=
(babel)             in language  on input line 345.
Package babel Info: Redefining spanish shorthand "~
(babel)             in language  on input line 345.
Package babel Info: Redefining spanish shorthand "!
(babel)             in language  on input line 345.
Package babel Info: Redefining spanish shorthand "?
(babel)             in language  on input line 345.
Package babel Info: Redefining spanish shorthand <<
(babel)             in language  on input line 345.
Package babel Info: Redefining spanish shorthand >>
(babel)             in language  on input line 345.
Package babel Info: Redefining spanish shorthand "=
(babel)             in language  on input line 345.
Package babel Info: Redefining spanish shorthand "~
(babel)             in language  on input line 345.
Package babel Info: Redefining spanish shorthand "!
(babel)             in language  on input line 345.
Package babel Info: Redefining spanish shorthand "?
(babel)             in language  on input line 345.
 [12 <./Figuras/punto7b2.png>]
Package babel Info: Redefining spanish shorthand <<
(babel)             in language  on input line 345.
Package babel Info: Redefining spanish shorthand >>
(babel)             in language  on input line 345.
Package babel Info: Redefining spanish shorthand "=
(babel)             in language  on input line 345.
Package babel Info: Redefining spanish shorthand "~
(babel)             in language  on input line 345.
Package babel Info: Redefining spanish shorthand "!
(babel)             in language  on input line 345.
Package babel Info: Redefining spanish shorthand "?
(babel)             in language  on input line 345.
Package babel Info: Redefining spanish shorthand <<
(babel)             in language  on input line 346.
Package babel Info: Redefining spanish shorthand >>
(babel)             in language  on input line 346.
Package babel Info: Redefining spanish shorthand "=
(babel)             in language  on input line 346.
Package babel Info: Redefining spanish shorthand "~
(babel)             in language  on input line 346.
Package babel Info: Redefining spanish shorthand "!
(babel)             in language  on input line 346.
Package babel Info: Redefining spanish shorthand "?
(babel)             in language  on input line 346.
Package babel Info: Redefining spanish shorthand <<
(babel)             in language  on input line 347.
Package babel Info: Redefining spanish shorthand >>
(babel)             in language  on input line 347.
Package babel Info: Redefining spanish shorthand "=
(babel)             in language  on input line 347.
Package babel Info: Redefining spanish shorthand "~
(babel)             in language  on input line 347.
Package babel Info: Redefining spanish shorthand "!
(babel)             in language  on input line 347.
Package babel Info: Redefining spanish shorthand "?
(babel)             in language  on input line 347.
Package babel Info: Redefining spanish shorthand <<
(babel)             in language  on input line 354.
Package babel Info: Redefining spanish shorthand >>
(babel)             in language  on input line 354.
Package babel Info: Redefining spanish shorthand "=
(babel)             in language  on input line 354.
Package babel Info: Redefining spanish shorthand "~
(babel)             in language  on input line 354.
Package babel Info: Redefining spanish shorthand "!
(babel)             in language  on input line 354.
Package babel Info: Redefining spanish shorthand "?
(babel)             in language  on input line 354.
Package babel Info: Redefining spanish shorthand <<
(babel)             in language  on input line 354.
Package babel Info: Redefining spanish shorthand >>
(babel)             in language  on input line 354.
Package babel Info: Redefining spanish shorthand "=
(babel)             in language  on input line 354.
Package babel Info: Redefining spanish shorthand "~
(babel)             in language  on input line 354.
Package babel Info: Redefining spanish shorthand "!
(babel)             in language  on input line 354.
Package babel Info: Redefining spanish shorthand "?
(babel)             in language  on input line 354.
 [13]
Package babel Info: Redefining spanish shorthand <<
(babel)             in language  on input line 354.
Package babel Info: Redefining spanish shorthand >>
(babel)             in language  on input line 354.
Package babel Info: Redefining spanish shorthand "=
(babel)             in language  on input line 354.
Package babel Info: Redefining spanish shorthand "~
(babel)             in language  on input line 354.
Package babel Info: Redefining spanish shorthand "!
(babel)             in language  on input line 354.
Package babel Info: Redefining spanish shorthand "?
(babel)             in language  on input line 354.

<Figuras/punto1b.png, id=219, 655.44875pt x 655.44875pt>
File: Figuras/punto1b.png Graphic file (type png)

<use Figuras/punto1b.png>
Package pdftex.def Info: Figuras/punto1b.png used on input line 357.
(pdftex.def)             Requested size: 284.52756pt x 284.52782pt.

Underfull \hbox (badness 10000) in paragraph at lines 365--367

 []

Package babel Info: Redefining spanish shorthand <<
(babel)             in language  on input line 371.
Package babel Info: Redefining spanish shorthand >>
(babel)             in language  on input line 371.
Package babel Info: Redefining spanish shorthand "=
(babel)             in language  on input line 371.
Package babel Info: Redefining spanish shorthand "~
(babel)             in language  on input line 371.
Package babel Info: Redefining spanish shorthand "!
(babel)             in language  on input line 371.
Package babel Info: Redefining spanish shorthand "?
(babel)             in language  on input line 371.
Package babel Info: Redefining spanish shorthand <<
(babel)             in language  on input line 371.
Package babel Info: Redefining spanish shorthand >>
(babel)             in language  on input line 371.
Package babel Info: Redefining spanish shorthand "=
(babel)             in language  on input line 371.
Package babel Info: Redefining spanish shorthand "~
(babel)             in language  on input line 371.
Package babel Info: Redefining spanish shorthand "!
(babel)             in language  on input line 371.
Package babel Info: Redefining spanish shorthand "?
(babel)             in language  on input line 371.
[14 <./Figuras/punto1b.png>]
Package babel Info: Redefining spanish shorthand <<
(babel)             in language  on input line 372.
Package babel Info: Redefining spanish shorthand >>
(babel)             in language  on input line 372.
Package babel Info: Redefining spanish shorthand "=
(babel)             in language  on input line 372.
Package babel Info: Redefining spanish shorthand "~
(babel)             in language  on input line 372.
Package babel Info: Redefining spanish shorthand "!
(babel)             in language  on input line 372.
Package babel Info: Redefining spanish shorthand "?
(babel)             in language  on input line 372.
Package babel Info: Redefining spanish shorthand <<
(babel)             in language  on input line 384.
Package babel Info: Redefining spanish shorthand >>
(babel)             in language  on input line 384.
Package babel Info: Redefining spanish shorthand "=
(babel)             in language  on input line 384.
Package babel Info: Redefining spanish shorthand "~
(babel)             in language  on input line 384.
Package babel Info: Redefining spanish shorthand "!
(babel)             in language  on input line 384.
Package babel Info: Redefining spanish shorthand "?
(babel)             in language  on input line 384.

Underfull \hbox (badness 10000) in paragraph at lines 385--386

 []


Underfull \hbox (badness 10000) in paragraph at lines 388--388

 []

Package babel Info: Redefining spanish shorthand <<
(babel)             in language  on input line 397.
Package babel Info: Redefining spanish shorthand >>
(babel)             in language  on input line 397.
Package babel Info: Redefining spanish shorthand "=
(babel)             in language  on input line 397.
Package babel Info: Redefining spanish shorthand "~
(babel)             in language  on input line 397.
Package babel Info: Redefining spanish shorthand "!
(babel)             in language  on input line 397.
Package babel Info: Redefining spanish shorthand "?
(babel)             in language  on input line 397.
Package babel Info: Redefining spanish shorthand <<
(babel)             in language  on input line 397.
Package babel Info: Redefining spanish shorthand >>
(babel)             in language  on input line 397.
Package babel Info: Redefining spanish shorthand "=
(babel)             in language  on input line 397.
Package babel Info: Redefining spanish shorthand "~
(babel)             in language  on input line 397.
Package babel Info: Redefining spanish shorthand "!
(babel)             in language  on input line 397.
Package babel Info: Redefining spanish shorthand "?
(babel)             in language  on input line 397.
[15]
Package babel Info: Redefining spanish shorthand <<
(babel)             in language  on input line 397.
Package babel Info: Redefining spanish shorthand >>
(babel)             in language  on input line 397.
Package babel Info: Redefining spanish shorthand "=
(babel)             in language  on input line 397.
Package babel Info: Redefining spanish shorthand "~
(babel)             in language  on input line 397.
Package babel Info: Redefining spanish shorthand "!
(babel)             in language  on input line 397.
Package babel Info: Redefining spanish shorthand "?
(babel)             in language  on input line 397.
Package babel Info: Redefining spanish shorthand <<
(babel)             in language  on input line 404.
Package babel Info: Redefining spanish shorthand >>
(babel)             in language  on input line 404.
Package babel Info: Redefining spanish shorthand "=
(babel)             in language  on input line 404.
Package babel Info: Redefining spanish shorthand "~
(babel)             in language  on input line 404.
Package babel Info: Redefining spanish shorthand "!
(babel)             in language  on input line 404.
Package babel Info: Redefining spanish shorthand "?
(babel)             in language  on input line 404.

Underfull \hbox (badness 10000) in paragraph at lines 413--414

 []


Underfull \hbox (badness 10000) in paragraph at lines 414--415

 []


Underfull \hbox (badness 10000) in paragraph at lines 424--425

 []


Underfull \hbox (badness 10000) in paragraph at lines 425--426

 []

Package babel Info: Redefining spanish shorthand <<
(babel)             in language  on input line 426.
Package babel Info: Redefining spanish shorthand >>
(babel)             in language  on input line 426.
Package babel Info: Redefining spanish shorthand "=
(babel)             in language  on input line 426.
Package babel Info: Redefining spanish shorthand "~
(babel)             in language  on input line 426.
Package babel Info: Redefining spanish shorthand "!
(babel)             in language  on input line 426.
Package babel Info: Redefining spanish shorthand "?
(babel)             in language  on input line 426.
Package babel Info: Redefining spanish shorthand <<
(babel)             in language  on input line 426.
Package babel Info: Redefining spanish shorthand >>
(babel)             in language  on input line 426.
Package babel Info: Redefining spanish shorthand "=
(babel)             in language  on input line 426.
Package babel Info: Redefining spanish shorthand "~
(babel)             in language  on input line 426.
Package babel Info: Redefining spanish shorthand "!
(babel)             in language  on input line 426.
Package babel Info: Redefining spanish shorthand "?
(babel)             in language  on input line 426.
[16]
Package babel Info: Redefining spanish shorthand <<
(babel)             in language  on input line 427.
Package babel Info: Redefining spanish shorthand >>
(babel)             in language  on input line 427.
Package babel Info: Redefining spanish shorthand "=
(babel)             in language  on input line 427.
Package babel Info: Redefining spanish shorthand "~
(babel)             in language  on input line 427.
Package babel Info: Redefining spanish shorthand "!
(babel)             in language  on input line 427.
Package babel Info: Redefining spanish shorthand "?
(babel)             in language  on input line 427.

Underfull \hbox (badness 10000) in paragraph at lines 442--443

 []


Underfull \hbox (badness 10000) in paragraph at lines 443--444

 []


Underfull \hbox (badness 10000) in paragraph at lines 446--447

 []


Underfull \hbox (badness 10000) in paragraph at lines 447--448

 []


Underfull \hbox (badness 10000) in paragraph at lines 448--450

 []


Underfull \hbox (badness 10000) in paragraph at lines 450--451

 []

Package babel Info: Redefining spanish shorthand <<
(babel)             in language  on input line 455.
Package babel Info: Redefining spanish shorthand >>
(babel)             in language  on input line 455.
Package babel Info: Redefining spanish shorthand "=
(babel)             in language  on input line 455.
Package babel Info: Redefining spanish shorthand "~
(babel)             in language  on input line 455.
Package babel Info: Redefining spanish shorthand "!
(babel)             in language  on input line 455.
Package babel Info: Redefining spanish shorthand "?
(babel)             in language  on input line 455.
Package babel Info: Redefining spanish shorthand <<
(babel)             in language  on input line 455.
Package babel Info: Redefining spanish shorthand >>
(babel)             in language  on input line 455.
Package babel Info: Redefining spanish shorthand "=
(babel)             in language  on input line 455.
Package babel Info: Redefining spanish shorthand "~
(babel)             in language  on input line 455.
Package babel Info: Redefining spanish shorthand "!
(babel)             in language  on input line 455.
Package babel Info: Redefining spanish shorthand "?
(babel)             in language  on input line 455.
[17]
Underfull \hbox (badness 10000) in paragraph at lines 456--459

 []


Underfull \hbox (badness 10000) in paragraph at lines 459--460

 []

Package babel Info: Redefining spanish shorthand <<
(babel)             in language  on input line 461.
Package babel Info: Redefining spanish shorthand >>
(babel)             in language  on input line 461.
Package babel Info: Redefining spanish shorthand "=
(babel)             in language  on input line 461.
Package babel Info: Redefining spanish shorthand "~
(babel)             in language  on input line 461.
Package babel Info: Redefining spanish shorthand "!
(babel)             in language  on input line 461.
Package babel Info: Redefining spanish shorthand "?
(babel)             in language  on input line 461.
Package babel Info: Redefining spanish shorthand <<
(babel)             in language  on input line 461.
Package babel Info: Redefining spanish shorthand >>
(babel)             in language  on input line 461.
Package babel Info: Redefining spanish shorthand "=
(babel)             in language  on input line 461.
Package babel Info: Redefining spanish shorthand "~
(babel)             in language  on input line 461.
Package babel Info: Redefining spanish shorthand "!
(babel)             in language  on input line 461.
Package babel Info: Redefining spanish shorthand "?
(babel)             in language  on input line 461.
[18]
Package babel Info: Redefining spanish shorthand <<
(babel)             in language  on input line 461.
Package babel Info: Redefining spanish shorthand >>
(babel)             in language  on input line 461.
Package babel Info: Redefining spanish shorthand "=
(babel)             in language  on input line 461.
Package babel Info: Redefining spanish shorthand "~
(babel)             in language  on input line 461.
Package babel Info: Redefining spanish shorthand "!
(babel)             in language  on input line 461.
Package babel Info: Redefining spanish shorthand "?
(babel)             in language  on input line 461.
Package babel Info: Redefining spanish shorthand <<
(babel)             in language  on input line 462.
Package babel Info: Redefining spanish shorthand >>
(babel)             in language  on input line 462.
Package babel Info: Redefining spanish shorthand "=
(babel)             in language  on input line 462.
Package babel Info: Redefining spanish shorthand "~
(babel)             in language  on input line 462.
Package babel Info: Redefining spanish shorthand "!
(babel)             in language  on input line 462.
Package babel Info: Redefining spanish shorthand "?
(babel)             in language  on input line 462.
 <Figuras/punto2a.png, id=242, 655.44875pt x 655.44875pt>
File: Figuras/punto2a.png Graphic file (type png)

<use Figuras/punto2a.png>
Package pdftex.def Info: Figuras/punto2a.png used on input line 465.
(pdftex.def)             Requested size: 284.52756pt x 284.52782pt.

Overfull \hbox (7.8552pt too wide) in paragraph at lines 463--473
\OT1/cmr/m/n/12 En la ima-gen an-te-rior, ob-ser-va-mos que en-tre el des-em-pl
eo(variable X) y la ta-sa de ho-mi-ci-dios(variable
 []


Underfull \hbox (badness 10000) in paragraph at lines 474--476

 []

Package babel Info: Redefining spanish shorthand <<
(babel)             in language  on input line 478.
Package babel Info: Redefining spanish shorthand >>
(babel)             in language  on input line 478.
Package babel Info: Redefining spanish shorthand "=
(babel)             in language  on input line 478.
Package babel Info: Redefining spanish shorthand "~
(babel)             in language  on input line 478.
Package babel Info: Redefining spanish shorthand "!
(babel)             in language  on input line 478.
Package babel Info: Redefining spanish shorthand "?
(babel)             in language  on input line 478.
Package babel Info: Redefining spanish shorthand <<
(babel)             in language  on input line 478.
Package babel Info: Redefining spanish shorthand >>
(babel)             in language  on input line 478.
Package babel Info: Redefining spanish shorthand "=
(babel)             in language  on input line 478.
Package babel Info: Redefining spanish shorthand "~
(babel)             in language  on input line 478.
Package babel Info: Redefining spanish shorthand "!
(babel)             in language  on input line 478.
Package babel Info: Redefining spanish shorthand "?
(babel)             in language  on input line 478.
[19 <./Figuras/punto2a.png>]
Underfull \hbox (badness 10000) in paragraph at lines 481--483

 []


Underfull \hbox (badness 10000) in paragraph at lines 485--485

 []

Package babel Info: Redefining spanish shorthand <<
(babel)             in language  on input line 488.
Package babel Info: Redefining spanish shorthand >>
(babel)             in language  on input line 488.
Package babel Info: Redefining spanish shorthand "=
(babel)             in language  on input line 488.
Package babel Info: Redefining spanish shorthand "~
(babel)             in language  on input line 488.
Package babel Info: Redefining spanish shorthand "!
(babel)             in language  on input line 488.
Package babel Info: Redefining spanish shorthand "?
(babel)             in language  on input line 488.
Package babel Info: Redefining spanish shorthand <<
(babel)             in language  on input line 492.
Package babel Info: Redefining spanish shorthand >>
(babel)             in language  on input line 492.
Package babel Info: Redefining spanish shorthand "=
(babel)             in language  on input line 492.
Package babel Info: Redefining spanish shorthand "~
(babel)             in language  on input line 492.
Package babel Info: Redefining spanish shorthand "!
(babel)             in language  on input line 492.
Package babel Info: Redefining spanish shorthand "?
(babel)             in language  on input line 492.
Package babel Info: Redefining spanish shorthand <<
(babel)             in language  on input line 498.
Package babel Info: Redefining spanish shorthand >>
(babel)             in language  on input line 498.
Package babel Info: Redefining spanish shorthand "=
(babel)             in language  on input line 498.
Package babel Info: Redefining spanish shorthand "~
(babel)             in language  on input line 498.
Package babel Info: Redefining spanish shorthand "!
(babel)             in language  on input line 498.
Package babel Info: Redefining spanish shorthand "?
(babel)             in language  on input line 498.
Package babel Info: Redefining spanish shorthand <<
(babel)             in language  on input line 498.
Package babel Info: Redefining spanish shorthand >>
(babel)             in language  on input line 498.
Package babel Info: Redefining spanish shorthand "=
(babel)             in language  on input line 498.
Package babel Info: Redefining spanish shorthand "~
(babel)             in language  on input line 498.
Package babel Info: Redefining spanish shorthand "!
(babel)             in language  on input line 498.
Package babel Info: Redefining spanish shorthand "?
(babel)             in language  on input line 498.
[20]
No file Plantilla_TrabajoEscrito.bbl.
Package atveryend Info: Empty hook `BeforeClearDocument' on input line 501.
Package babel Info: Redefining spanish shorthand <<
(babel)             in language  on input line 501.
Package babel Info: Redefining spanish shorthand >>
(babel)             in language  on input line 501.
Package babel Info: Redefining spanish shorthand "=
(babel)             in language  on input line 501.
Package babel Info: Redefining spanish shorthand "~
(babel)             in language  on input line 501.
Package babel Info: Redefining spanish shorthand "!
(babel)             in language  on input line 501.
Package babel Info: Redefining spanish shorthand "?
(babel)             in language  on input line 501.
Package babel Info: Redefining spanish shorthand <<
(babel)             in language  on input line 501.
Package babel Info: Redefining spanish shorthand >>
(babel)             in language  on input line 501.
Package babel Info: Redefining spanish shorthand "=
(babel)             in language  on input line 501.
Package babel Info: Redefining spanish shorthand "~
(babel)             in language  on input line 501.
Package babel Info: Redefining spanish shorthand "!
(babel)             in language  on input line 501.
Package babel Info: Redefining spanish shorthand "?
(babel)             in language  on input line 501.
[21]
Package atveryend Info: Empty hook `AfterLastShipout' on input line 501.
 (./Plantilla_TrabajoEscrito.aux
LaTeX Info: Redefining \. on input line 23.
LaTeX Info: Redefining \% on input line 23.
)
Package atveryend Info: Executing hook `AtVeryEndDocument' on input line 501.
Package atveryend Info: Executing hook `AtEndAfterFileList' on input line 501.
Package rerunfilecheck Info: File `Plantilla_TrabajoEscrito.out' has not change
d.
(rerunfilecheck)             Checksum: F1D29208AC79DCCFABF32BF95A84CA0C;1293.


LaTeX Warning: There were multiply-defined labels.

Package atveryend Info: Empty hook `AtVeryVeryEnd' on input line 501.
 ) 
Here is how much of TeX's memory you used:
 8014 strings out of 492995
 113914 string characters out of 6132704
 216158 words of memory out of 5000000
 11378 multiletter control sequences out of 15000+600000
 13700 words of font info for 55 fonts, out of 8000000 for 9000
 1141 hyphenation exceptions out of 8191
 28i,11n,43p,666b,421s stack positions out of 5000i,500n,10000p,200000b,80000s
</usr/local/texlive/2017/texmf-dist/fonts/type1/public/amsfonts/cm/cmbx12.pfb
></usr/local/texlive/2017/texmf-dist/fonts/type1/public/amsfonts/cm/cmex10.pfb>
</usr/local/texlive/2017/texmf-dist/fonts/type1/public/amsfonts/cmextra/cmex8.p
fb></usr/local/texlive/2017/texmf-dist/fonts/type1/public/amsfonts/cm/cmmi12.pf
b></usr/local/texlive/2017/texmf-dist/fonts/type1/public/amsfonts/cm/cmmi6.pfb>
</usr/local/texlive/2017/texmf-dist/fonts/type1/public/amsfonts/cm/cmmi8.pfb></
usr/local/texlive/2017/texmf-dist/fonts/type1/public/amsfonts/cm/cmr12.pfb></us
r/local/texlive/2017/texmf-dist/fonts/type1/public/amsfonts/cm/cmr17.pfb></usr/
local/texlive/2017/texmf-dist/fonts/type1/public/amsfonts/cm/cmr6.pfb></usr/loc
al/texlive/2017/texmf-dist/fonts/type1/public/amsfonts/cm/cmr8.pfb></usr/local/
texlive/2017/texmf-dist/fonts/type1/public/amsfonts/cm/cmsy10.pfb></usr/local/t
exlive/2017/texmf-dist/fonts/type1/public/amsfonts/cm/cmsy6.pfb></usr/local/tex
live/2017/texmf-dist/fonts/type1/public/amsfonts/cm/cmsy8.pfb>
Output written on Plantilla_TrabajoEscrito.pdf (21 pages, 425061 bytes).
PDF statistics:
 315 PDF objects out of 1000 (max. 8388607)
 258 compressed objects within 3 object streams
 56 named destinations out of 1000 (max. 500000)
 222 words of extra memory for PDF output out of 10000 (max. 10000000)

