\BOOKMARK [1][-]{section.1}{Prueba De Hipotesis}{}% 1
\BOOKMARK [2][-]{subsection.1.1}{Situaci\363n 1}{section.1}% 2
\BOOKMARK [2][-]{subsection.1.2}{Situaci\363n 2}{section.1}% 3
\BOOKMARK [2][-]{subsection.1.3}{Punto A.}{section.1}% 4
\BOOKMARK [2][-]{subsection.1.4}{Punto B.}{section.1}% 5
\BOOKMARK [2][-]{subsection.1.5}{Situaci\363n 3}{section.1}% 6
\BOOKMARK [2][-]{subsection.1.6}{Punto A.}{section.1}% 7
\BOOKMARK [2][-]{subsection.1.7}{Punto B.}{section.1}% 8
\BOOKMARK [2][-]{subsection.1.8}{Situaci\363n 4}{section.1}% 9
\BOOKMARK [2][-]{subsection.1.9}{Situaci\363n 5}{section.1}% 10
\BOOKMARK [2][-]{subsection.1.10}{Punto A.}{section.1}% 11
\BOOKMARK [2][-]{subsection.1.11}{Punto B.}{section.1}% 12
\BOOKMARK [2][-]{subsection.1.12}{Punto C.}{section.1}% 13
\BOOKMARK [2][-]{subsection.1.13}{Situaci\363n 6}{section.1}% 14
\BOOKMARK [2][-]{subsection.1.14}{Punto C.}{section.1}% 15
\BOOKMARK [2][-]{subsection.1.15}{Punto D.}{section.1}% 16
\BOOKMARK [2][-]{subsection.1.16}{Situaci\363n 7}{section.1}% 17
\BOOKMARK [2][-]{subsection.1.17}{Punto A.}{section.1}% 18
\BOOKMARK [2][-]{subsection.1.18}{Punto B.}{section.1}% 19
\BOOKMARK [1][-]{section.2}{Regresion}{}% 20
\BOOKMARK [2][-]{subsection.2.1}{Situaci\363n 1}{section.2}% 21
\BOOKMARK [2][-]{subsection.2.2}{Punto A.}{section.2}% 22
\BOOKMARK [2][-]{subsection.2.3}{Punto B.}{section.2}% 23
\BOOKMARK [2][-]{subsection.2.4}{Punto C.}{section.2}% 24
\BOOKMARK [2][-]{subsection.2.5}{Punto D.}{section.2}% 25
\BOOKMARK [2][-]{subsection.2.6}{Punto E.}{section.2}% 26
\BOOKMARK [2][-]{subsection.2.7}{Punto F.}{section.2}% 27
\BOOKMARK [2][-]{subsection.2.8}{Punto G.}{section.2}% 28
\BOOKMARK [2][-]{subsection.2.9}{Situaci\363n 2}{section.2}% 29
\BOOKMARK [2][-]{subsection.2.10}{Punto A.}{section.2}% 30
\BOOKMARK [2][-]{subsection.2.11}{Punto B.}{section.2}% 31
\BOOKMARK [2][-]{subsection.2.12}{Punto C.}{section.2}% 32
